Watching for file changes with StatReloader
System check identified some issues:

WARNINGS:
todos.Todo: (models.W042) Auto-created primary key used when not defining a primary key type, by default 'django.db.models.AutoField'.
	HINT: Configure the DEFAULT_AUTO_FIELD setting or the TodosConfig.default_auto_field attribute to point to a subclass of AutoField, e.g. 'django.db.models.BigAutoField'.

System check identified 1 issue (0 silenced).
Watching for file changes with StatReloader
System check identified some issues:

WARNINGS:
todos.Todo: (models.W042) Auto-created primary key used when not defining a primary key type, by default 'django.db.models.AutoField'.
	HINT: Configure the DEFAULT_AUTO_FIELD setting or the TodosConfig.default_auto_field attribute to point to a subclass of AutoField, e.g. 'django.db.models.BigAutoField'.

System check identified 1 issue (0 silenced).
Error: That port is already in use.
[22/Apr/2024 15:45:41] "GET /todos/ HTTP/1.1" 200 5326
[22/Apr/2024 15:45:41] "GET /static/css/style.css HTTP/1.1" 304 0
[22/Apr/2024 15:45:51] "POST /todos/add/ HTTP/1.1" 302 0
[22/Apr/2024 15:45:51] "GET /todos/ HTTP/1.1" 200 5902
[22/Apr/2024 16:05:45] "GET /todos/ HTTP/1.1" 200 5902
[22/Apr/2024 16:05:45] "GET /static/css/style.css HTTP/1.1" 304 0
[22/Apr/2024 16:05:47] "GET /todos/ HTTP/1.1" 200 5902
[22/Apr/2024 16:05:48] "GET /todos/ HTTP/1.1" 200 5902
[22/Apr/2024 16:05:48] "GET /todos/ HTTP/1.1" 200 5902
[22/Apr/2024 16:05:48] "GET /todos/ HTTP/1.1" 200 5902
[22/Apr/2024 16:05:51] "GET /todos/25/delete HTTP/1.1" 302 0
[22/Apr/2024 16:05:51] "GET /todos/ HTTP/1.1" 200 5326
[22/Apr/2024 16:05:52] "GET /todos/24/delete HTTP/1.1" 302 0
[22/Apr/2024 16:05:52] "GET /todos/ HTTP/1.1" 200 4748
[22/Apr/2024 16:05:52] "GET /todos/23/delete HTTP/1.1" 302 0
[22/Apr/2024 16:05:52] "GET /todos/ HTTP/1.1" 200 4170
[22/Apr/2024 16:05:52] "GET /todos/22/delete HTTP/1.1" 302 0
[22/Apr/2024 16:05:52] "GET /todos/ HTTP/1.1" 200 3589
[22/Apr/2024 16:05:54] "GET /todos/3/delete HTTP/1.1" 302 0
[22/Apr/2024 16:05:54] "GET /todos/ HTTP/1.1" 200 2957
[22/Apr/2024 16:42:51] "GET /todos/ HTTP/1.1" 200 2957
[22/Apr/2024 16:42:51] "GET /static/css/style.css HTTP/1.1" 304 0
[22/Apr/2024 16:43:02] "GET /todos/ HTTP/1.1" 200 2957
[22/Apr/2024 16:43:19] "GET /todos/ HTTP/1.1" 200 2957
[22/Apr/2024 16:43:22] "GET /todos/ HTTP/1.1" 200 2957
[22/Apr/2024 16:43:23] "POST /todos/add/ HTTP/1.1" 302 0
[22/Apr/2024 16:43:23] "GET /todos/ HTTP/1.1" 200 3535
[22/Apr/2024 16:45:52] "GET /todos/ HTTP/1.1" 200 3535
[22/Apr/2024 16:45:54] "GET /todos/ HTTP/1.1" 200 3535
